android/app/build/intermediates/manifest_merge_blame_file/release/manifest-merger-blame-release-report.txt
1<?xml version="1.0" encoding="utf-8"?>
2<manifest xmlns:android="http://schemas.android.com/apk/res/android"
3    package="com.daemon.seeker"
4    android:versionCode="1"
5    android:versionName="1.0.0" >
6
7    <uses-sdk
8        android:minSdkVersion="24"
9        android:targetSdkVersion="34" />
10
11    <!-- Permissions -->
12    <uses-permission android:name="android.permission.INTERNET" />
12-->src/main/AndroidManifest.xml:41:5-67
12-->src/main/AndroidManifest.xml:41:22-64
13    <uses-permission android:name="android.permission.CAMERA" />
13-->src/main/AndroidManifest.xml:42:5-65
13-->src/main/AndroidManifest.xml:42:22-62
14    <uses-permission android:name="android.permission.RECORD_AUDIO" />
14-->src/main/AndroidManifest.xml:43:5-71
14-->src/main/AndroidManifest.xml:43:22-68
15    <uses-permission android:name="android.permission.MODIFY_AUDIO_SETTINGS" />
15-->src/main/AndroidManifest.xml:44:5-80
15-->src/main/AndroidManifest.xml:44:22-77
16    <uses-permission android:name="android.permission.WRITE_EXTERNAL_STORAGE" />
16-->src/main/AndroidManifest.xml:45:5-81
16-->src/main/AndroidManifest.xml:45:22-78
17    <uses-permission android:name="android.permission.READ_EXTERNAL_STORAGE" />
17-->src/main/AndroidManifest.xml:46:5-80
17-->src/main/AndroidManifest.xml:46:22-77
18
19    <queries>
19-->src/main/AndroidManifest.xml:48:5-57:15
20        <intent>
20-->src/main/AndroidManifest.xml:49:9-52:18
21            <action android:name="android.intent.action.VIEW" />
21-->src/main/AndroidManifest.xml:50:13-65
21-->src/main/AndroidManifest.xml:50:21-62
22
23            <data android:scheme="https" />
23-->src/main/AndroidManifest.xml:51:13-44
23-->src/main/AndroidManifest.xml:51:19-41
24        </intent>
25        <intent>
25-->src/main/AndroidManifest.xml:53:9-56:18
26            <action android:name="android.intent.action.VIEW" />
26-->src/main/AndroidManifest.xml:50:13-65
26-->src/main/AndroidManifest.xml:50:21-62
27
28            <data android:scheme="http" />
28-->src/main/AndroidManifest.xml:51:13-44
28-->src/main/AndroidManifest.xml:51:19-41
29        </intent>
30    </queries>
31
32    <permission
32-->[androidx.core:core:1.12.0] AndroidManifest.xml:22:5-24:47
33        android:name="com.daemon.seeker.DYNAMIC_RECEIVER_NOT_EXPORTED_PERMISSION"
33-->[androidx.core:core:1.12.0] AndroidManifest.xml:23:9-81
34        android:protectionLevel="signature" />
34-->[androidx.core:core:1.12.0] AndroidManifest.xml:24:9-44
35
36    <uses-permission android:name="com.daemon.seeker.DYNAMIC_RECEIVER_NOT_EXPORTED_PERMISSION" />
36-->[androidx.core:core:1.12.0] AndroidManifest.xml:26:5-97
36-->[androidx.core:core:1.12.0] AndroidManifest.xml:26:22-94
37
38    <application
38-->src/main/AndroidManifest.xml:5:5-38:19
39        android:allowBackup="true"
39-->src/main/AndroidManifest.xml:6:9-35
40        android:appComponentFactory="androidx.core.app.CoreComponentFactory"
40-->[androidx.core:core:1.12.0] AndroidManifest.xml:28:18-86
41        android:dataExtractionRules="@xml/data_extraction_rules"
41-->src/main/AndroidManifest.xml:7:9-65
42        android:extractNativeLibs="false"
43        android:fullBackupContent="@xml/backup_rules"
43-->src/main/AndroidManifest.xml:8:9-54
44        android:icon="@mipmap/ic_launcher"
44-->src/main/AndroidManifest.xml:9:9-43
45        android:label="@string/app_name"
45-->src/main/AndroidManifest.xml:10:9-41
46        android:roundIcon="@mipmap/ic_launcher_round"
46-->src/main/AndroidManifest.xml:11:9-54
47        android:supportsRtl="true"
47-->src/main/AndroidManifest.xml:12:9-35
48        android:theme="@style/AppTheme" >
48-->src/main/AndroidManifest.xml:13:9-40
49        <activity
49-->src/main/AndroidManifest.xml:16:9-27:20
50            android:name="com.daemon.seeker.MainActivity"
50-->src/main/AndroidManifest.xml:18:13-58
51            android:configChanges="orientation|keyboardHidden|keyboard|screenSize|locale|smallestScreenSize|screenLayout|uiMode"
51-->src/main/AndroidManifest.xml:17:13-129
52            android:exported="true"
52-->src/main/AndroidManifest.xml:22:13-36
53            android:label="@string/title_activity_main"
53-->src/main/AndroidManifest.xml:19:13-56
54            android:launchMode="singleTask"
54-->src/main/AndroidManifest.xml:21:13-44
55            android:theme="@style/AppTheme.NoActionBarLaunch" >
55-->src/main/AndroidManifest.xml:20:13-62
56            <intent-filter>
56-->src/main/AndroidManifest.xml:23:13-26:29
57                <action android:name="android.intent.action.MAIN" />
57-->src/main/AndroidManifest.xml:24:17-69
57-->src/main/AndroidManifest.xml:24:25-66
58
59                <category android:name="android.intent.category.LAUNCHER" />
59-->src/main/AndroidManifest.xml:25:17-77
59-->src/main/AndroidManifest.xml:25:27-74
60            </intent-filter>
61        </activity>
62
63        <provider
64            android:name="androidx.core.content.FileProvider"
64-->src/main/AndroidManifest.xml:30:13-62
65            android:authorities="com.daemon.seeker.fileprovider"
65-->src/main/AndroidManifest.xml:31:13-64
66            android:exported="false"
66-->src/main/AndroidManifest.xml:32:13-37
67            android:grantUriPermissions="true" >
67-->src/main/AndroidManifest.xml:33:13-47
68            <meta-data
68-->src/main/AndroidManifest.xml:34:13-36:54
69                android:name="android.support.FILE_PROVIDER_PATHS"
69-->src/main/AndroidManifest.xml:35:17-67
70                android:resource="@xml/file_paths" />
70-->src/main/AndroidManifest.xml:36:17-51
71        </provider>
72        <provider
72-->[androidx.emoji2:emoji2:1.2.0] AndroidManifest.xml:24:9-32:20
73            android:name="androidx.startup.InitializationProvider"
73-->[androidx.emoji2:emoji2:1.2.0] AndroidManifest.xml:25:13-67
74            android:authorities="com.daemon.seeker.androidx-startup"
74-->[androidx.emoji2:emoji2:1.2.0] AndroidManifest.xml:26:13-68
75            android:exported="false" >
75-->[androidx.emoji2:emoji2:1.2.0] AndroidManifest.xml:27:13-37
76            <meta-data
76-->[androidx.emoji2:emoji2:1.2.0] AndroidManifest.xml:29:13-31:52
77                android:name="androidx.emoji2.text.EmojiCompatInitializer"
77-->[androidx.emoji2:emoji2:1.2.0] AndroidManifest.xml:30:17-75
78                android:value="androidx.startup" />
78-->[androidx.emoji2:emoji2:1.2.0] AndroidManifest.xml:31:17-49
79            <meta-data
79-->[androidx.lifecycle:lifecycle-process:2.6.1] AndroidManifest.xml:29:13-31:52
80                android:name="androidx.lifecycle.ProcessLifecycleInitializer"
80-->[androidx.lifecycle:lifecycle-process:2.6.1] AndroidManifest.xml:30:17-78
81                android:value="androidx.startup" />
81-->[androidx.lifecycle:lifecycle-process:2.6.1] AndroidManifest.xml:31:17-49
82            <meta-data
82-->[androidx.profileinstaller:profileinstaller:1.3.0] AndroidManifest.xml:29:13-31:52
83                android:name="androidx.profileinstaller.ProfileInstallerInitializer"
83-->[androidx.profileinstaller:profileinstaller:1.3.0] AndroidManifest.xml:30:17-85
84                android:value="androidx.startup" />
84-->[androidx.profileinstaller:profileinstaller:1.3.0] AndroidManifest.xml:31:17-49
85        </provider>
86
87        <receiver
87-->[androidx.profileinstaller:profileinstaller:1.3.0] AndroidManifest.xml:34:9-52:20
88            android:name="androidx.profileinstaller.ProfileInstallReceiver"
88-->[androidx.profileinstaller:profileinstaller:1.3.0] AndroidManifest.xml:35:13-76
89            android:directBootAware="false"
89-->[androidx.profileinstaller:profileinstaller:1.3.0] AndroidManifest.xml:36:13-44
90            android:enabled="true"
90-->[androidx.profileinstaller:profileinstaller:1.3.0] AndroidManifest.xml:37:13-35
91            android:exported="true"
91-->[androidx.profileinstaller:profileinstaller:1.3.0] AndroidManifest.xml:38:13-36
92            android:permission="android.permission.DUMP" >
92-->[androidx.profileinstaller:profileinstaller:1.3.0] AndroidManifest.xml:39:13-57
93            <intent-filter>
93-->[androidx.profileinstaller:profileinstaller:1.3.0] AndroidManifest.xml:40:13-42:29
94                <action android:name="androidx.profileinstaller.action.INSTALL_PROFILE" />
94-->[androidx.profileinstaller:profileinstaller:1.3.0] AndroidManifest.xml:41:17-91
94-->[androidx.profileinstaller:profileinstaller:1.3.0] AndroidManifest.xml:41:25-88
95            </intent-filter>
96            <intent-filter>
96-->[androidx.profileinstaller:profileinstaller:1.3.0] AndroidManifest.xml:43:13-45:29
97                <action android:name="androidx.profileinstaller.action.SKIP_FILE" />
97-->[androidx.profileinstaller:profileinstaller:1.3.0] AndroidManifest.xml:44:17-85
97-->[androidx.profileinstaller:profileinstaller:1.3.0] AndroidManifest.xml:44:25-82
98            </intent-filter>
99            <intent-filter>
99-->[androidx.profileinstaller:profileinstaller:1.3.0] AndroidManifest.xml:46:13-48:29
100                <action android:name="androidx.profileinstaller.action.SAVE_PROFILE" />
100-->[androidx.profileinstaller:profileinstaller:1.3.0] AndroidManifest.xml:47:17-88
100-->[androidx.profileinstaller:profileinstaller:1.3.0] AndroidManifest.xml:47:25-85
101            </intent-filter>
102            <intent-filter>
102-->[androidx.profileinstaller:profileinstaller:1.3.0] AndroidManifest.xml:49:13-51:29
103                <action android:name="androidx.profileinstaller.action.BENCHMARK_OPERATION" />
103-->[androidx.profileinstaller:profileinstaller:1.3.0] AndroidManifest.xml:50:17-95
103-->[androidx.profileinstaller:profileinstaller:1.3.0] AndroidManifest.xml:50:25-92
104            </intent-filter>
105        </receiver>
106    </application>
107
108</manifest>